#
# There is insufficient memory for the Java Runtime Environment to continue.
# Native memory allocation (mmap) failed to map 257949696 bytes. Error detail: G1 virtual space
# Possible reasons:
#   The system is out of physical RAM or swap space
#   This process is running with CompressedOops enabled, and the Java Heap may be blocking the growth of the native heap
# Possible solutions:
#   Reduce memory load on the system
#   Increase physical memory or swap space
#   Check if swap backing store is full
#   Decrease Java heap size (-Xmx/-Xms)
#   Decrease number of Java threads
#   Decrease Java thread stack sizes (-Xss)
#   Set larger code cache with -XX:ReservedCodeCacheSize=
#   JVM is running with Zero Based Compressed Oops mode in which the Java heap is
#     placed in the first 32GB address space. The Java Heap base address is the
#     maximum limit for the native heap growth. Please use -XX:HeapBaseMinAddress
#     to set the Java Heap base and to place the Java Heap above 32GB virtual address.
# This output file may be truncated or incomplete.
#
#  Out of Memory Error (os_windows.cpp:3618), pid=40752, tid=37388
#
# JRE version:  (17.0.17+10) (build )
# Java VM: OpenJDK 64-Bit Server VM (17.0.17+10, mixed mode, sharing, tiered, compressed oops, compressed class ptrs, g1 gc, windows-amd64)
# No core dump will be written. Minidumps are not enabled by default on client versions of Windows
#

---------------  S U M M A R Y ------------

Command Line: -Dorg.gradle.appname=gradlew org.gradle.wrapper.GradleWrapperMain -q -Ptarget-platform=android-x64 -Ptarget=D:\Jundullah\Client_side\lib\main.dart -Pbase-application-name=android.app.Application -Pdart-defines=RkxVVFRFUl9WRVJTSU9OPTMuMzguMQ==,RkxVVFRFUl9DSEFOTkVMPXN0YWJsZQ==,RkxVVFRFUl9HSVRfVVJMPWh0dHBzOi8vZ2l0aHViLmNvbS9mbHV0dGVyL2ZsdXR0ZXIuZ2l0,RkxVVFRFUl9GUkFNRVdPUktfUkVWSVNJT049YjQ1ZmExODk0Ng==,RkxVVFRFUl9FTkdJTkVfUkVWSVNJT049YjU5OTBlNWNjYw==,RkxVVFRFUl9EQVJUX1ZFUlNJT049My4xMC4w -Pdart-obfuscation=false -Ptrack-widget-creation=true -Ptree-shake-icons=false -Pfilesystem-scheme=org-dartlang-root assembleDebug

Host: AMD Ryzen 5 PRO 7540U w/ Radeon 740M Graphics  , 12 cores, 15G,  Windows 11 , 64 bit Build 26100 (10.0.26100.7019)
Time: Wed Nov 26 10:59:49 2025 Bangladesh Standard Time elapsed time: 2.078439 seconds (0d 0h 0m 2s)

---------------  T H R E A D  ---------------

Current thread (0x000001d346f4e730):  JavaThread "Unknown thread" [_thread_in_vm, id=37388, stack(0x000000bf98800000,0x000000bf98900000)]

Stack: [0x000000bf98800000,0x000000bf98900000]
Native frames: (J=compiled Java code, j=interpreted, Vv=VM code, C=native code)
V  [jvm.dll+0x683fb9]
V  [jvm.dll+0x83a1b5]
V  [jvm.dll+0x83bc2e]
V  [jvm.dll+0x83c2b3]
V  [jvm.dll+0x248eff]
V  [jvm.dll+0x680d79]
V  [jvm.dll+0x675b7a]
V  [jvm.dll+0x3091a7]
V  [jvm.dll+0x310776]
V  [jvm.dll+0x360bbe]
V  [jvm.dll+0x360dfd]
V  [jvm.dll+0x2e022c]
V  [jvm.dll+0x2e1138]
V  [jvm.dll+0x80c6cb]
V  [jvm.dll+0x36e841]
V  [jvm.dll+0x7eb2a5]
V  [jvm.dll+0x3f444b]
V  [jvm.dll+0x3f5f31]
C  [jli.dll+0x52d0]
C  [ucrtbase.dll+0x37b0]
C  [KERNEL32.DLL+0x2e8d7]
C  [ntdll.dll+0x8c53c]


---------------  P R O C E S S  ---------------

Threads class SMR info:
_java_thread_list=0x00007ffea5137f58, length=0, elements={
}

Java Threads: ( => current thread )

Other Threads:
  0x000001d347398d20 GCTaskThread "GC Thread#0" [stack: 0x000000bf98900000,0x000000bf98a00000] [id=37592]
  0x000001d3473ab380 ConcurrentGCThread "G1 Main Marker" [stack: 0x000000bf98a00000,0x000000bf98b00000] [id=35680]
  0x000001d3473abbb0 ConcurrentGCThread "G1 Conc#0" [stack: 0x000000bf98b00000,0x000000bf98c00000] [id=39884]

[error occurred during error reporting (printing all threads), id 0xc0000005, EXCEPTION_ACCESS_VIOLATION (0xc0000005) at pc=0x00007ffea48f0d57]

VM state: not at safepoint (not fully initialized)

VM Mutex/Monitor currently owned by a thread:  ([mutex/lock_event])
[0x000001d346f4c4c0] Heap_lock - owner thread: 0x000001d346f4e730

Heap address: 0x000000070b800000, size: 3912 MB, Compressed Oops mode: Zero based, Oop shift amount: 3

CDS archive(s) mapped at: [0x0000000000000000-0x0000000000000000-0x0000000000000000), size 0, SharedBaseAddress: 0x0000000800000000, ArchiveRelocationMode: 1.
Narrow klass base: 0x0000000000000000, Narrow klass shift: 0, Narrow klass range: 0x0

GC Precious Log:
<Empty>

Heap:
 garbage-first heap   total 0K, used 0K [0x000000070b800000, 0x0000000800000000)
  region size 2048K, 0 young (0K), 0 survivors (0K)

[error occurred during error reporting (printing heap information), id 0xc0000005, EXCEPTION_ACCESS_VIOLATION (0xc0000005) at pc=0x00007ffea4cdd5c9]

GC Heap History (0 events):
No events

Dll operation events (1 events):
Event: 0.039 Loaded shared library C:\Program Files\Eclipse Adoptium\jdk-17.0.17.10-hotspot\bin\java.dll

Deoptimization events (0 events):
No events

Classes loaded (0 events):
No events

Classes unloaded (0 events):
No events

Classes redefined (0 events):
No events

Internal exceptions (0 events):
No events

VM Operations (0 events):
No events

Memory protections (0 events):
No events

Nmethod flushes (0 events):
No events

Events (0 events):
No events


Dynamic libraries:
0x00007ff6780b0000 - 0x00007ff6780be000 	C:\Program Files\Eclipse Adoptium\jdk-17.0.17.10-hotspot\bin\java.exe
0x00007fff5d8a0000 - 0x00007fff5db08000 	C:\WINDOWS\SYSTEM32\ntdll.dll
0x00007fff5bc60000 - 0x00007fff5bd29000 	C:\WINDOWS\System32\KERNEL32.DLL
0x00007fff5aff0000 - 0x00007fff5b3e8000 	C:\WINDOWS\System32\KERNELBASE.dll
0x00007fff5aea0000 - 0x00007fff5afeb000 	C:\WINDOWS\System32\ucrtbase.dll
0x00007fff30190000 - 0x00007fff301ae000 	C:\Program Files\Eclipse Adoptium\jdk-17.0.17.10-hotspot\bin\VCRUNTIME140.dll
0x00007fff2fe30000 - 0x00007fff2fe48000 	C:\Program Files\Eclipse Adoptium\jdk-17.0.17.10-hotspot\bin\jli.dll
0x00007fff5bd30000 - 0x00007fff5bef7000 	C:\WINDOWS\System32\USER32.dll
0x00007fff5b610000 - 0x00007fff5b637000 	C:\WINDOWS\System32\win32u.dll
0x00007fff328e0000 - 0x00007fff32b74000 	C:\WINDOWS\WinSxS\amd64_microsoft.windows.common-controls_6595b64144ccf1df_6.0.26100.7019_none_3e06ffa0e335b8a8\COMCTL32.dll
0x00007fff5cbc0000 - 0x00007fff5cbeb000 	C:\WINDOWS\System32\GDI32.dll
0x00007fff5c080000 - 0x00007fff5c129000 	C:\WINDOWS\System32\msvcrt.dll
0x00007fff5acc0000 - 0x00007fff5adec000 	C:\WINDOWS\System32\gdi32full.dll
0x00007fff5b3f0000 - 0x00007fff5b493000 	C:\WINDOWS\System32\msvcp_win.dll
0x00007fff5c040000 - 0x00007fff5c071000 	C:\WINDOWS\System32\IMM32.DLL
0x00007fff306e0000 - 0x00007fff306ec000 	C:\Program Files\Eclipse Adoptium\jdk-17.0.17.10-hotspot\bin\vcruntime140_1.dll
0x00007ffef3140000 - 0x00007ffef31cd000 	C:\Program Files\Eclipse Adoptium\jdk-17.0.17.10-hotspot\bin\msvcp140.dll
0x00007ffea4600000 - 0x00007ffea526b000 	C:\Program Files\Eclipse Adoptium\jdk-17.0.17.10-hotspot\bin\server\jvm.dll
0x00007fff5b6d0000 - 0x00007fff5b784000 	C:\WINDOWS\System32\ADVAPI32.dll
0x00007fff5bba0000 - 0x00007fff5bc46000 	C:\WINDOWS\System32\sechost.dll
0x00007fff5bf20000 - 0x00007fff5c038000 	C:\WINDOWS\System32\RPCRT4.dll
0x00007fff5bb20000 - 0x00007fff5bb94000 	C:\WINDOWS\System32\WS2_32.dll
0x00007fff5a850000 - 0x00007fff5a8ae000 	C:\WINDOWS\SYSTEM32\POWRPROF.dll
0x00007fff4e520000 - 0x00007fff4e52b000 	C:\WINDOWS\SYSTEM32\VERSION.dll
0x00007fff4e370000 - 0x00007fff4e3a5000 	C:\WINDOWS\SYSTEM32\WINMM.dll
0x00007fff5a830000 - 0x00007fff5a844000 	C:\WINDOWS\SYSTEM32\UMPDC.dll
0x00007fff59770000 - 0x00007fff5978b000 	C:\WINDOWS\SYSTEM32\kernel.appcore.dll
0x00007fff30300000 - 0x00007fff3030a000 	C:\Program Files\Eclipse Adoptium\jdk-17.0.17.10-hotspot\bin\jimage.dll
0x00007fff58140000 - 0x00007fff58382000 	C:\WINDOWS\SYSTEM32\DBGHELP.DLL
0x00007fff5b790000 - 0x00007fff5bb1b000 	C:\WINDOWS\System32\combase.dll
0x00007fff5c990000 - 0x00007fff5ca67000 	C:\WINDOWS\System32\OLEAUT32.dll
0x00007fff3ab40000 - 0x00007fff3ab7c000 	C:\WINDOWS\SYSTEM32\dbgcore.DLL
0x00007fff5adf0000 - 0x00007fff5ae95000 	C:\WINDOWS\System32\bcryptPrimitives.dll
0x00007fff2f010000 - 0x00007fff2f035000 	C:\Program Files\Eclipse Adoptium\jdk-17.0.17.10-hotspot\bin\java.dll

dbghelp: loaded successfully - version: 4.0.5 - missing functions: none
symbol engine: initialized successfully - sym options: 0x614 - pdb path: .;C:\Program Files\Eclipse Adoptium\jdk-17.0.17.10-hotspot\bin;C:\WINDOWS\SYSTEM32;C:\WINDOWS\WinSxS\amd64_microsoft.windows.common-controls_6595b64144ccf1df_6.0.26100.7019_none_3e06ffa0e335b8a8;C:\Program Files\Eclipse Adoptium\jdk-17.0.17.10-hotspot\bin\server

VM Arguments:
jvm_args: -Dorg.gradle.appname=gradlew 
java_command: org.gradle.wrapper.GradleWrapperMain -q -Ptarget-platform=android-x64 -Ptarget=D:\Jundullah\Client_side\lib\main.dart -Pbase-application-name=android.app.Application -Pdart-defines=RkxVVFRFUl9WRVJTSU9OPTMuMzguMQ==,RkxVVFRFUl9DSEFOTkVMPXN0YWJsZQ==,RkxVVFRFUl9HSVRfVVJMPWh0dHBzOi8vZ2l0aHViLmNvbS9mbHV0dGVyL2ZsdXR0ZXIuZ2l0,RkxVVFRFUl9GUkFNRVdPUktfUkVWSVNJT049YjQ1ZmExODk0Ng==,RkxVVFRFUl9FTkdJTkVfUkVWSVNJT049YjU5OTBlNWNjYw==,RkxVVFRFUl9EQVJUX1ZFUlNJT049My4xMC4w -Pdart-obfuscation=false -Ptrack-widget-creation=true -Ptree-shake-icons=false -Pfilesystem-scheme=org-dartlang-root assembleDebug
java_class_path (initial): D:\Jundullah\Client_side\android\\gradle\wrapper\gradle-wrapper.jar
Launcher Type: SUN_STANDARD

[Global flags]
     intx CICompilerCount                          = 4                                         {product} {ergonomic}
     uint ConcGCThreads                            = 3                                         {product} {ergonomic}
     uint G1ConcRefinementThreads                  = 10                                        {product} {ergonomic}
   size_t G1HeapRegionSize                         = 2097152                                   {product} {ergonomic}
    uintx GCDrainStackTargetSize                   = 64                                        {product} {ergonomic}
   size_t InitialHeapSize                          = 257949696                                 {product} {ergonomic}
   size_t MarkStackSize                            = 4194304                                   {product} {ergonomic}
   size_t MaxHeapSize                              = 4102029312                                {product} {ergonomic}
   size_t MinHeapDeltaBytes                        = 2097152                                   {product} {ergonomic}
   size_t MinHeapSize                              = 8388608                                   {product} {ergonomic}
    uintx NonNMethodCodeHeapSize                   = 5839372                                {pd product} {ergonomic}
    uintx NonProfiledCodeHeapSize                  = 122909434                              {pd product} {ergonomic}
    uintx ProfiledCodeHeapSize                     = 122909434                              {pd product} {ergonomic}
    uintx ReservedCodeCacheSize                    = 251658240                              {pd product} {ergonomic}
     bool SegmentedCodeCache                       = true                                      {product} {ergonomic}
   size_t SoftMaxHeapSize                          = 4102029312                             {manageable} {ergonomic}
     bool UseCompressedClassPointers               = true                           {product lp64_product} {ergonomic}
     bool UseCompressedOops                        = true                           {product lp64_product} {ergonomic}
     bool UseG1GC                                  = true                                      {product} {ergonomic}
     bool UseLargePagesIndividualAllocation        = false                                  {pd product} {ergonomic}

Logging:
Log output configuration:
 #0: stdout all=warning uptime,level,tags
 #1: stderr all=off uptime,level,tags

Environment Variables:
JAVA_HOME=C:\Program Files\Eclipse Adoptium\jdk-17.0.17.10-hotspot
CLASSPATH=D:\Jundullah\Client_side\android\\gradle\wrapper\gradle-wrapper.jar
PATH=C:\Program Files\Eclipse Adoptium\jdk-17.0.17.10-hotspot\bin;C:\tools\flutter\bin\;C:\Program Files\Eclipse Adoptium\jdk-17.0.17.10-hotspot;C:\WINDOWS\system32;C:\WINDOWS;C:\WINDOWS\System32\Wbem;C:\WINDOWS\System32\WindowsPowerShell\v1.0\;C:\WINDOWS\System32\OpenSSH\;C:\ProgramData\chocolatey\bin;C:\Program Files\Git\cmd;C:\Program Files\nodejs\;C:\Program Files\Microsoft VS Code\bin;C:\Program Files\Docker\Docker\resources\bin;C:\Android\android-sdk\tools;C:\Android\android-sdk\platform-tools;C:\Android\android-sdk\tools\bin;C:\tools\flutter\bin;C:\Program Files\cursor\resources\app\bin;C:\Program Files\Eclipse Adoptium\jdk-17.0.17.10-hotspot\bin;C:\Users\ADMIN\AppData\Local\Programs\Antigravity\bin;C:\Users\ADMIN\.local\bin;C:\Users\ADMIN\AppData\Local\Pandoc\;C:\tools\flutter\bin\mingit\cmd
USERNAME=ADMIN
LANG=en_US.UTF-8
OS=Windows_NT
PROCESSOR_IDENTIFIER=AMD64 Family 25 Model 116 Stepping 1, AuthenticAMD
TMP=C:\Users\ADMIN\AppData\Local\Temp
TEMP=C:\Users\ADMIN\AppData\Local\Temp



Periodic native trim disabled


---------------  S Y S T E M  ---------------

OS:
 Windows 11 , 64 bit Build 26100 (10.0.26100.7019)
OS uptime: 1 days 3:47 hours
Hyper-V role detected

CPU: total 12 (initial active 12) (12 cores per cpu, 2 threads per core) family 25 model 116 stepping 1 microcode 0xa70410a, cx8, cmov, fxsr, ht, mmx, 3dnowpref, sse, sse2, sse3, ssse3, sse4a, sse4.1, sse4.2, popcnt, lzcnt, tsc, tscinvbit, avx, avx2, aes, erms, clmul, bmi1, bmi2, adx, avx512f, avx512dq, avx512cd, avx512bw, avx512vl, sha, fma, vzeroupper, avx512_vpopcntdq, avx512_vpclmulqdq, avx512_vaes, avx512_vnni, clflush, clflushopt, avx512_vbmi2, avx512_vbmi, hv
Processor Information for all 12 processors :
  Max Mhz: 3201, Current Mhz: 2489, Mhz Limit: 3201

Memory: 4k page, system-wide physical 15645M (1307M free)
TotalPageFile size 41520M (AvailPageFile size 157M)
current process WorkingSet (physical memory assigned to process): 12M, peak: 12M
current process commit charge ("private bytes"): 64M, peak: 310M

vm_info: OpenJDK 64-Bit Server VM (17.0.17+10) for windows-amd64 JRE (17.0.17+10), built on Oct 21 2025 23:25:32 by "admin" with unknown MS VC++:1942

END.
